<?xml version="1.0" encoding="UTF-8"?>
<!-- Generated by org.testng.reporters.JUnitXMLReporter -->
<testsuite hostname="shad-Inspiron-5579" name="Registeration" tests="39" failures="1" timestamp="17 Sep 2021 08:14:13 GMT" time="166.366" errors="0">
  <testcase name="register" time="4.208" classname="Qantily.Registeration"/>
  <testcase name="click_start_testing_now" time="4.126" classname="Qantily.Registeration"/>
  <testcase name="verify_specified_fields" time="2.045" classname="Qantily.Registeration"/>
  <testcase name="social_logins" time="3.057" classname="Qantily.Registeration"/>
  <testcase name="verify_name_fields" time="2.038" classname="Qantily.Registeration"/>
  <testcase name="verify_email_address_field" time="2.07" classname="Qantily.Registeration"/>
  <testcase name="verify_password_field" time="2.076" classname="Qantily.Registeration"/>
  <testcase name="verify_repeat_field" time="2.046" classname="Qantily.Registeration"/>
  <testcase name="enter_name_fields" time="3.165" classname="Qantily.Registeration"/>
  <testcase name="email_address_field_without_Sign_domain" time="8.343" classname="Qantily.Registeration"/>
  <testcase name="email_address_field_without_Sign" time="8.36" classname="Qantily.Registeration"/>
  <testcase name="verify_with_valid_email_address" time="6.298" classname="Qantily.Registeration"/>
  <testcase name="verify_with_valid_password" time="6.219" classname="Qantily.Registeration"/>
  <testcase name="verify_with_invalid_repeat_password" time="6.245" classname="Qantily.Registeration"/>
  <testcase name="verify_with_valid_repeat_password" time="8.375" classname="Qantily.Registeration"/>
  <testcase name="social_logins_on_details" time="3.081" classname="Qantily.Registeration"/>
  <testcase name="verify_phone_field" time="2.069" classname="Qantily.Registeration"/>
  <testcase name="verify_domain_field" time="2.059" classname="Qantily.Registeration"/>
  <testcase name="validation_on_numeric_field_phone_number_by_entering_alphabets_and_special_characters" time="6.377" classname="Qantily.Registeration"/>
  <testcase name="Verify_phone_number_field_with_less_than_10_digits" time="6.249" classname="Qantily.Registeration"/>
  <testcase name="Verify_phone_number_field_with_more_than_10_digits" time="7.196" classname="Qantily.Registeration"/>
  <testcase name="Verify_phone_number_field_with_10_zeros" time="7.176" classname="Qantily.Registeration"/>
  <testcase name="Verify_phone_number_field_with_minus_values" time="6.256" classname="Qantily.Registeration">
    <failure type="junit.framework.ComparisonFailure" message="expected:&amp;lt;Enter a valid [phone number]&amp;gt; but was:&amp;lt;Enter a valid [domain]&amp;gt;">
      <![CDATA[junit.framework.ComparisonFailure: expected:<Enter a valid [phone number]> but was:<Enter a valid [domain]>
	at junit.framework.Assert.assertEquals(Assert.java:100)
	at junit.framework.Assert.assertEquals(Assert.java:107)
	at Qantily.Registeration.Verify_phone_number_field_with_minus_values(Registeration.java:475)
	at java.util.concurrent.FutureTask.run(FutureTask.java:266)
	at java.util.concurrent.ThreadPoolExecutor.runWorker(ThreadPoolExecutor.java:1149)
	at java.util.concurrent.ThreadPoolExecutor$Worker.run(ThreadPoolExecutor.java:624)
	at java.lang.Thread.run(Thread.java:748)
... Removed 16 stack frames]]>
    </failure>
  </testcase> <!-- Verify_phone_number_field_with_minus_values -->
  <testcase name="verify_with_valid_phone_number" time="8.338" classname="Qantily.Registeration"/>
  <testcase name="verify_with_blank_domian" time="6.13" classname="Qantily.Registeration"/>
  <testcase name="verify_with_valid_domian" time="6.256" classname="Qantily.Registeration"/>
  <testcase name="social_logins_on_location" time="3.047" classname="Qantily.Registeration"/>
  <testcase name="verify_contry_fields" time="2.044" classname="Qantily.Registeration"/>
  <testcase name="verify_state_field" time="2.038" classname="Qantily.Registeration"/>
  <testcase name="verify_city_field" time="2.04" classname="Qantily.Registeration"/>
  <testcase name="select_country" time="3.116" classname="Qantily.Registeration"/>
  <testcase name="select_state" time="3.143" classname="Qantily.Registeration"/>
  <testcase name="select_city" time="3.101" classname="Qantily.Registeration"/>
  <testcase name="checkbox_string1" time="4.074" classname="Qantily.Registeration"/>
  <testcase name="checkbox_string2" time="4.042" classname="Qantily.Registeration"/>
  <testcase name="checkbox_string3" time="4.047" classname="Qantily.Registeration"/>
  <testcase name="first_checkbox_enabled" time="0.093" classname="Qantily.Registeration"/>
  <testcase name="second_checkbox_enabled" time="0.123" classname="Qantily.Registeration"/>
  <testcase name="third_checkbox_enabled" time="0.094" classname="Qantily.Registeration"/>
</testsuite> <!-- Registeration -->
