<?xml version="1.0" encoding="UTF-8"?>
<testng-results skipped="0" failed="0" total="9" passed="9">
  <reporter-output>
  </reporter-output>
  <suite name="Default suite" duration-ms="31313" started-at="2021-09-20T07:29:02Z" finished-at="2021-09-20T07:29:33Z">
    <groups>
    </groups>
    <test name="Default test" duration-ms="31313" started-at="2021-09-20T07:29:02Z" finished-at="2021-09-20T07:29:33Z">
      <class name="Qantily.ReportBug">
        <test-method status="PASS" signature="beforeTest()[pri:0, instance:Qantily.ReportBug@4671e53b]" name="beforeTest" is-config="true" duration-ms="5692" started-at="2021-09-20T12:59:02Z" finished-at="2021-09-20T12:59:08Z">
          <reporter-output>
          </reporter-output>
        </test-method> <!-- beforeTest -->
        <test-method status="PASS" signature="login_before_project()[pri:0, instance:Qantily.ReportBug@4671e53b]" name="login_before_project" duration-ms="8567" started-at="2021-09-20T12:59:08Z" finished-at="2021-09-20T12:59:16Z">
          <reporter-output>
          </reporter-output>
        </test-method> <!-- login_before_project -->
        <test-method status="PASS" signature="Begin_Testing_button()[pri:0, instance:Qantily.ReportBug@4671e53b]" name="Begin_Testing_button" duration-ms="2116" started-at="2021-09-20T12:59:16Z" finished-at="2021-09-20T12:59:18Z">
          <reporter-output>
          </reporter-output>
        </test-method> <!-- Begin_Testing_button -->
        <test-method status="PASS" signature="Report_a_Bug()[pri:0, instance:Qantily.ReportBug@4671e53b]" name="Report_a_Bug" duration-ms="2108" started-at="2021-09-20T12:59:18Z" finished-at="2021-09-20T12:59:20Z">
          <reporter-output>
          </reporter-output>
        </test-method> <!-- Report_a_Bug -->
        <test-method status="PASS" signature="enter_value_defect_summary()[pri:0, instance:Qantily.ReportBug@4671e53b]" name="enter_value_defect_summary" duration-ms="2137" started-at="2021-09-20T12:59:20Z" finished-at="2021-09-20T12:59:22Z">
          <reporter-output>
          </reporter-output>
        </test-method> <!-- enter_value_defect_summary -->
        <test-method status="PASS" signature="enter_value_Component()[pri:0, instance:Qantily.ReportBug@4671e53b]" name="enter_value_Component" duration-ms="2090" started-at="2021-09-20T12:59:22Z" finished-at="2021-09-20T12:59:25Z">
          <reporter-output>
          </reporter-output>
        </test-method> <!-- enter_value_Component -->
        <test-method status="PASS" signature="select_Severity()[pri:0, instance:Qantily.ReportBug@4671e53b]" name="select_Severity" duration-ms="2131" started-at="2021-09-20T12:59:25Z" finished-at="2021-09-20T12:59:27Z">
          <reporter-output>
          </reporter-output>
        </test-method> <!-- select_Severity -->
        <test-method status="PASS" signature="Device_Used_For_Testing()[pri:0, instance:Qantily.ReportBug@4671e53b]" name="Device_Used_For_Testing" duration-ms="2123" started-at="2021-09-20T12:59:27Z" finished-at="2021-09-20T12:59:29Z">
          <reporter-output>
          </reporter-output>
        </test-method> <!-- Device_Used_For_Testing -->
        <test-method status="PASS" signature="enter_value_in_description()[pri:0, instance:Qantily.ReportBug@4671e53b]" name="enter_value_in_description" duration-ms="2210" started-at="2021-09-20T12:59:29Z" finished-at="2021-09-20T12:59:31Z">
          <reporter-output>
          </reporter-output>
        </test-method> <!-- enter_value_in_description -->
        <test-method status="PASS" signature="click_on_submit()[pri:0, instance:Qantily.ReportBug@4671e53b]" name="click_on_submit" duration-ms="2115" started-at="2021-09-20T12:59:31Z" finished-at="2021-09-20T12:59:33Z">
          <reporter-output>
          </reporter-output>
        </test-method> <!-- click_on_submit -->
      </class> <!-- Qantily.ReportBug -->
    </test> <!-- Default test -->
  </suite> <!-- Default suite -->
</testng-results>
